<?xml version="1.0" encoding="UTF-8"?>
<!-- Generated by org.testng.reporters.JUnitReportReporter -->
<testsuite skipped="0" hostname="DESKTOP-B8S09EH" name="firsttestingpackage.ExcelSignup" tests="2" failures="0" timestamp="27 Sep 2017 20:19:40 GMT" time="14.000" errors="0">
  <testcase name="verifyTCandPP" time="13.660" classname="firsttestingpackage.ExcelSignup"/>
  <testcase name="alreadyhaveaaccount" time="0.340" classname="firsttestingpackage.ExcelSignup"/>
</testsuite> <!-- firsttestingpackage.ExcelSignup -->
