<?xml version="1.0" encoding="UTF-8"?>
<!-- Generated by org.testng.reporters.JUnitReportReporter -->
<testsuite skipped="0" hostname="DESKTOP-B8S09EH" name="firsttestingpackage.LoginPageFPandSignup" tests="2" failures="0" timestamp="29 Sep 2017 05:54:33 GMT" time="12.903" errors="0">
  <testcase name="VerifyForgotPassword" time="5.487" classname="firsttestingpackage.LoginPageFPandSignup"/>
  <testcase name="VerifyDonthaveaccount" time="7.416" classname="firsttestingpackage.LoginPageFPandSignup"/>
</testsuite> <!-- firsttestingpackage.LoginPageFPandSignup -->
