<?xml version="1.0" encoding="UTF-8"?>
<!-- Generated by org.testng.reporters.JUnitReportReporter -->
<testsuite skipped="0" hostname="DESKTOP-B8S09EH" name="firsttestingpackage.test2" tests="1" failures="0" timestamp="27 Sep 2017 05:49:27 GMT" time="1.628" errors="0">
  <testcase name="SignUp" time="1.628" classname="firsttestingpackage.test2"/>
</testsuite> <!-- firsttestingpackage.test2 -->
