<?xml version="1.0" encoding="UTF-8"?>
<!-- Generated by org.testng.reporters.JUnitReportReporter -->
<testsuite skipped="0" hostname="DESKTOP-B8S09EH" name="firsttestingpackage.SignUpTestExcel" tests="10" failures="0" timestamp="29 Sep 2017 08:33:13 GMT" time="50.456" errors="0">
  <testcase name="signup" time="3.495" classname="firsttestingpackage.SignUpTestExcel"/>
  <testcase name="signup" time="4.120" classname="firsttestingpackage.SignUpTestExcel"/>
  <testcase name="signup" time="4.082" classname="firsttestingpackage.SignUpTestExcel"/>
  <testcase name="signup" time="7.767" classname="firsttestingpackage.SignUpTestExcel"/>
  <testcase name="signup" time="4.056" classname="firsttestingpackage.SignUpTestExcel"/>
  <testcase name="signup" time="4.500" classname="firsttestingpackage.SignUpTestExcel"/>
  <testcase name="signup" time="5.357" classname="firsttestingpackage.SignUpTestExcel"/>
  <testcase name="signup" time="6.768" classname="firsttestingpackage.SignUpTestExcel"/>
  <testcase name="signup" time="6.009" classname="firsttestingpackage.SignUpTestExcel"/>
  <testcase name="signup" time="4.302" classname="firsttestingpackage.SignUpTestExcel"/>
</testsuite> <!-- firsttestingpackage.SignUpTestExcel -->
