<?xml version="1.0" encoding="UTF-8"?>
<!-- Generated by org.testng.reporters.JUnitReportReporter -->
<testsuite skipped="0" hostname="DESKTOP-B8S09EH" name="SmokeTest.VarifyTitle" tests="10" failures="0" timestamp="04 Oct 2017 19:47:16 GMT" time="50.858" errors="0">
  <testcase name="signup" time="5.742" classname="SmokeTest.VarifyTitle"/>
  <testcase name="signup" time="5.181" classname="SmokeTest.VarifyTitle"/>
  <testcase name="signup" time="6.654" classname="SmokeTest.VarifyTitle"/>
  <testcase name="signup" time="4.679" classname="SmokeTest.VarifyTitle"/>
  <testcase name="signup" time="5.792" classname="SmokeTest.VarifyTitle"/>
  <testcase name="signup" time="4.003" classname="SmokeTest.VarifyTitle"/>
  <testcase name="signup" time="5.835" classname="SmokeTest.VarifyTitle"/>
  <testcase name="signup" time="3.917" classname="SmokeTest.VarifyTitle"/>
  <testcase name="signup" time="4.046" classname="SmokeTest.VarifyTitle"/>
  <testcase name="signup" time="5.009" classname="SmokeTest.VarifyTitle"/>
</testsuite> <!-- SmokeTest.VarifyTitle -->
