<?xml version="1.0" encoding="UTF-8"?>
<!-- Generated by org.testng.reporters.JUnitReportReporter -->
<testsuite skipped="0" hostname="DESKTOP-B8S09EH" name="firsttestingpackage.SignupTCPPandloginlink" tests="2" failures="0" timestamp="29 Sep 2017 06:26:00 GMT" time="15.506" errors="0">
  <testcase name="verifyTCandPP" time="14.966" classname="firsttestingpackage.SignupTCPPandloginlink"/>
  <testcase name="alreadyhaveaaccount" time="0.540" classname="firsttestingpackage.SignupTCPPandloginlink"/>
</testsuite> <!-- firsttestingpackage.SignupTCPPandloginlink -->
